  TStage.cpp
c:\users\administrator\documents\visual studio 2015\projects\thgame\thgame\tstage.cpp(7): warning C4244: '=': 'double'에서 'int'(으)로 변환하면서 데이터가 손실될 수 있습니다.
  TGame.cpp
  _WIN32_WINNT not defined. Defaulting to _WIN32_WINNT_MAXVER (see WinSDKVer.h)
c:\users\administrator\documents\visual studio 2015\projects\thgame\thgame\tgame.cpp(54): warning C4996: 'kbhit': The POSIX name for this item is deprecated. Instead, use the ISO C and C++ conformant name: _kbhit. See online help for details.
  c:\program files (x86)\windows kits\10\include\10.0.10240.0\ucrt\conio.h(458): note: 'kbhit' 선언을 참조하십시오.
c:\users\administrator\documents\visual studio 2015\projects\thgame\thgame\tgame.cpp(56): warning C4996: 'getche': The POSIX name for this item is deprecated. Instead, use the ISO C and C++ conformant name: _getche. See online help for details.
  c:\program files (x86)\windows kits\10\include\10.0.10240.0\ucrt\conio.h(455): note: 'getche' 선언을 참조하십시오.
c:\users\administrator\documents\visual studio 2015\projects\thgame\thgame\tgame.cpp(59): warning C4996: 'getche': The POSIX name for this item is deprecated. Instead, use the ISO C and C++ conformant name: _getche. See online help for details.
  c:\program files (x86)\windows kits\10\include\10.0.10240.0\ucrt\conio.h(455): note: 'getche' 선언을 참조하십시오.
c:\users\administrator\documents\visual studio 2015\projects\thgame\thgame\tgame.cpp(279): warning C4996: 'scanf': This function or variable may be unsafe. Consider using scanf_s instead. To disable deprecation, use _CRT_SECURE_NO_WARNINGS. See online help for details.
  c:\program files (x86)\windows kits\10\include\10.0.10240.0\ucrt\stdio.h(1270): note: 'scanf' 선언을 참조하십시오.
c:\users\administrator\documents\visual studio 2015\projects\thgame\thgame\tgame.cpp(414): warning C4996: 'getche': The POSIX name for this item is deprecated. Instead, use the ISO C and C++ conformant name: _getche. See online help for details.
  c:\program files (x86)\windows kits\10\include\10.0.10240.0\ucrt\conio.h(455): note: 'getche' 선언을 참조하십시오.
c:\users\administrator\documents\visual studio 2015\projects\thgame\thgame\tgame.cpp(468): warning C4996: 'kbhit': The POSIX name for this item is deprecated. Instead, use the ISO C and C++ conformant name: _kbhit. See online help for details.
  c:\program files (x86)\windows kits\10\include\10.0.10240.0\ucrt\conio.h(458): note: 'kbhit' 선언을 참조하십시오.
c:\users\administrator\documents\visual studio 2015\projects\thgame\thgame\tgame.cpp(473): warning C4996: 'getche': The POSIX name for this item is deprecated. Instead, use the ISO C and C++ conformant name: _getche. See online help for details.
  c:\program files (x86)\windows kits\10\include\10.0.10240.0\ucrt\conio.h(455): note: 'getche' 선언을 참조하십시오.
  코드를 생성하고 있습니다...
  건너뛰고 있습니다... (관련된 변경 내용 없음)
  main.cpp
  THGAME.vcxproj -> C:\Users\Administrator\Documents\Visual Studio 2015\Projects\THGAME\Debug\THGAME.exe
